{
  "0 debug pnpm:scope": {
    "selected": 1
  },
  "1 debug pnpm:package-manifest": {
    "initial": {},
    "prefix": "/Users/chris/Library/pnpm/store/v3/tmp/dlx-13063"
  },
  "2 debug pnpm:context": {
    "currentLockfileExists": false,
    "storeDir": "/Users/chris/Library/pnpm/store/v3",
    "virtualStoreDir": "/Users/chris/Library/pnpm/store/v3/tmp/dlx-13063/node_modules/.pnpm"
  },
  "3 debug pnpm:stage": {
    "prefix": "/Users/chris/Library/pnpm/store/v3/tmp/dlx-13063",
    "stage": "resolution_started"
  },
  "4 debug pnpm:_dependency_resolved": {
    "resolution": "registry.npmjs.org/nest/0.1.6",
    "wanted": {
      "dependentId": ".",
      "name": "nest",
      "rawSpec": "latest"
    }
  },
  "5 debug pnpm:progress": {
    "packageId": "registry.npmjs.org/nest/0.1.6",
    "requester": "/Users/chris/Library/pnpm/store/v3/tmp/dlx-13063",
    "status": "resolved"
  },
  "6 debug pnpm:package-manifest": {
    "prefix": "/Users/chris/Library/pnpm/store/v3/tmp/dlx-13063",
    "updated": {
      "dependencies": {
        "nest": "^0.1.6"
      }
    }
  },
  "7 debug pnpm:package-manifest": {
    "prefix": "/Users/chris/Library/pnpm/store/v3/tmp/dlx-13063",
    "updated": {
      "dependencies": {
        "nest": "^0.1.6"
      }
    }
  },
  "8 debug pnpm:stage": {
    "prefix": "/Users/chris/Library/pnpm/store/v3/tmp/dlx-13063",
    "stage": "resolution_done"
  },
  "9 debug pnpm:stats": {
    "prefix": "/Users/chris/Library/pnpm/store/v3/tmp/dlx-13063",
    "removed": 0
  },
  "10 debug pnpm:stage": {
    "prefix": "/Users/chris/Library/pnpm/store/v3/tmp/dlx-13063",
    "stage": "importing_started"
  },
  "11 debug pnpm:stats": {
    "added": 1,
    "prefix": "/Users/chris/Library/pnpm/store/v3/tmp/dlx-13063"
  },
  "12 debug pnpm:fetching-progress": {
    "attempt": 1,
    "packageId": "registry.npmjs.org/nest/0.1.6",
    "size": 2752,
    "status": "started"
  },
  "13 debug pnpm:progress": {
    "packageId": "registry.npmjs.org/nest/0.1.6",
    "requester": "/Users/chris/Library/pnpm/store/v3/tmp/dlx-13063",
    "status": "fetched"
  },
  "14 debug pnpm:package-import-method": {
    "method": "hardlink"
  },
  "15 debug pnpm:progress": {
    "method": "hardlink",
    "requester": "/Users/chris/Library/pnpm/store/v3/tmp/dlx-13063",
    "status": "imported",
    "to": "/Users/chris/Library/pnpm/store/v3/tmp/dlx-13063/node_modules/.pnpm/nest@0.1.6/node_modules/nest"
  },
  "16 debug pnpm:stage": {
    "prefix": "/Users/chris/Library/pnpm/store/v3/tmp/dlx-13063",
    "stage": "importing_done"
  },
  "17 debug pnpm:link": {
    "target": "/Users/chris/Library/pnpm/store/v3/tmp/dlx-13063/node_modules/.pnpm/nest@0.1.6/node_modules/nest",
    "link": "/Users/chris/Library/pnpm/store/v3/tmp/dlx-13063/node_modules/nest"
  },
  "18 debug pnpm:root": {
    "added": {
      "dependencyType": "prod",
      "id": "registry.npmjs.org/nest/0.1.6",
      "name": "nest",
      "realName": "nest",
      "version": "0.1.6"
    },
    "prefix": "/Users/chris/Library/pnpm/store/v3/tmp/dlx-13063"
  },
  "19 debug pnpm:summary": {
    "prefix": "/Users/chris/Library/pnpm/store/v3/tmp/dlx-13063"
  },
  "20 error pnpm": {
    "code": "ERR_PNPM_DLX_NO_BIN",
    "err": {
      "name": "pnpm",
      "message": "No binaries found in nest",
      "code": "ERR_PNPM_DLX_NO_BIN",
      "stack": "pnpm: No binaries found in nest\n    at getBinName (/Users/chris/.nvm/versions/node/v16.10.0/pnpm-global/5/node_modules/.pnpm/pnpm@7.1.6/node_modules/pnpm/dist/pnpx.cjs:177170:15)\n    at async Object.handler [as dlx] (/Users/chris/.nvm/versions/node/v16.10.0/pnpm-global/5/node_modules/.pnpm/pnpm@7.1.6/node_modules/pnpm/dist/pnpx.cjs:177154:48)\n    at async /Users/chris/.nvm/versions/node/v16.10.0/pnpm-global/5/node_modules/.pnpm/pnpm@7.1.6/node_modules/pnpm/dist/pnpx.cjs:182687:21\n    at async run (/Users/chris/.nvm/versions/node/v16.10.0/pnpm-global/5/node_modules/.pnpm/pnpm@7.1.6/node_modules/pnpm/dist/pnpx.cjs:182661:34)\n    at async /Users/chris/.nvm/versions/node/v16.10.0/pnpm-global/5/node_modules/.pnpm/pnpm@7.1.6/node_modules/pnpm/dist/pnpx.cjs:182733:5"
    }
  }
}